[2026-01-16 00:56:29Z INFO HostContext] No proxy settings were found based on environmental variables (http_proxy/https_proxy/HTTP_PROXY/HTTPS_PROXY)
[2026-01-16 00:56:29Z INFO HostContext] Well known directory 'Bin': 'D:\awsprojects\fastapi_postgres_project_with_gui\actions-runner\bin'
[2026-01-16 00:56:29Z INFO HostContext] Well known directory 'Root': 'D:\awsprojects\fastapi_postgres_project_with_gui\actions-runner'
[2026-01-16 00:56:29Z INFO HostContext] Well known config file 'Credentials': 'D:\awsprojects\fastapi_postgres_project_with_gui\actions-runner\.credentials'
[2026-01-16 00:56:29Z INFO HostContext] Well known directory 'Bin': 'D:\awsprojects\fastapi_postgres_project_with_gui\actions-runner\bin'
[2026-01-16 00:56:29Z INFO HostContext] Well known directory 'Root': 'D:\awsprojects\fastapi_postgres_project_with_gui\actions-runner'
[2026-01-16 00:56:29Z INFO HostContext] Well known config file 'Runner': 'D:\awsprojects\fastapi_postgres_project_with_gui\actions-runner\.runner'
[2026-01-16 00:56:29Z INFO Listener] Runner is built for Windows (X64) - win-x64.
[2026-01-16 00:56:29Z INFO Listener] RuntimeInformation: Microsoft Windows 10.0.19045.
[2026-01-16 00:56:29Z INFO Listener] Version: 2.331.0
[2026-01-16 00:56:29Z INFO Listener] Commit: 39f6c643d3032f8795fa71f1482731ca90c8e038
[2026-01-16 00:56:29Z INFO Listener] Culture: en-GB
[2026-01-16 00:56:29Z INFO Listener] UI Culture: en-US
[2026-01-16 00:56:29Z INFO HostContext] Well known directory 'Bin': 'D:\awsprojects\fastapi_postgres_project_with_gui\actions-runner\bin'
[2026-01-16 00:56:29Z INFO HostContext] Well known directory 'Root': 'D:\awsprojects\fastapi_postgres_project_with_gui\actions-runner'
[2026-01-16 00:56:29Z INFO Listener] Validating directory permissions for: 'D:\awsprojects\fastapi_postgres_project_with_gui\actions-runner'
[2026-01-16 00:56:29Z INFO CommandLineParser] Parse
[2026-01-16 00:56:29Z INFO CommandLineParser] Parsing 5 args
[2026-01-16 00:56:29Z INFO CommandLineParser] parsing argument
[2026-01-16 00:56:29Z INFO CommandLineParser] HasArgs: False
[2026-01-16 00:56:29Z INFO CommandLineParser] Adding Command: configure
[2026-01-16 00:56:29Z INFO CommandLineParser] parsing argument
[2026-01-16 00:56:29Z INFO CommandLineParser] HasArgs: True
[2026-01-16 00:56:29Z INFO CommandLineParser] arg: url
[2026-01-16 00:56:29Z INFO CommandLineParser] parsing argument
[2026-01-16 00:56:29Z INFO CommandLineParser] HasArgs: True
[2026-01-16 00:56:29Z INFO CommandLineParser] Adding option 'url': 'https://github.com/harris-co-sudo/fastapi_postgres_project_with_gui'
[2026-01-16 00:56:29Z INFO CommandLineParser] parsing argument
[2026-01-16 00:56:29Z INFO CommandLineParser] HasArgs: True
[2026-01-16 00:56:29Z INFO CommandLineParser] arg: token
[2026-01-16 00:56:29Z INFO CommandLineParser] parsing argument
[2026-01-16 00:56:29Z INFO CommandLineParser] HasArgs: True
[2026-01-16 00:56:29Z INFO CommandLineParser] Adding option 'token': '***'
[2026-01-16 00:56:29Z INFO Listener] Arguments parsed
[2026-01-16 00:56:29Z INFO Runner] ExecuteCommand
[2026-01-16 00:56:29Z INFO ConfigurationStore] currentAssemblyLocation: D:\awsprojects\fastapi_postgres_project_with_gui\actions-runner\bin\Runner.Listener.dll
[2026-01-16 00:56:29Z INFO HostContext] Well known directory 'Bin': 'D:\awsprojects\fastapi_postgres_project_with_gui\actions-runner\bin'
[2026-01-16 00:56:29Z INFO ConfigurationStore] binPath: D:\awsprojects\fastapi_postgres_project_with_gui\actions-runner\bin
[2026-01-16 00:56:29Z INFO HostContext] Well known directory 'Bin': 'D:\awsprojects\fastapi_postgres_project_with_gui\actions-runner\bin'
[2026-01-16 00:56:29Z INFO HostContext] Well known directory 'Root': 'D:\awsprojects\fastapi_postgres_project_with_gui\actions-runner'
[2026-01-16 00:56:29Z INFO ConfigurationStore] RootFolder: D:\awsprojects\fastapi_postgres_project_with_gui\actions-runner
[2026-01-16 00:56:29Z INFO HostContext] Well known directory 'Bin': 'D:\awsprojects\fastapi_postgres_project_with_gui\actions-runner\bin'
[2026-01-16 00:56:29Z INFO HostContext] Well known directory 'Root': 'D:\awsprojects\fastapi_postgres_project_with_gui\actions-runner'
[2026-01-16 00:56:29Z INFO HostContext] Well known config file 'Runner': 'D:\awsprojects\fastapi_postgres_project_with_gui\actions-runner\.runner'
[2026-01-16 00:56:29Z INFO ConfigurationStore] ConfigFilePath: D:\awsprojects\fastapi_postgres_project_with_gui\actions-runner\.runner
[2026-01-16 00:56:29Z INFO HostContext] Well known directory 'Bin': 'D:\awsprojects\fastapi_postgres_project_with_gui\actions-runner\bin'
[2026-01-16 00:56:29Z INFO HostContext] Well known directory 'Root': 'D:\awsprojects\fastapi_postgres_project_with_gui\actions-runner'
[2026-01-16 00:56:29Z INFO HostContext] Well known config file 'MigratedRunner': 'D:\awsprojects\fastapi_postgres_project_with_gui\actions-runner\.runner_migrated'
[2026-01-16 00:56:29Z INFO ConfigurationStore] MigratedConfigFilePath: D:\awsprojects\fastapi_postgres_project_with_gui\actions-runner\.runner_migrated
[2026-01-16 00:56:29Z INFO HostContext] Well known directory 'Bin': 'D:\awsprojects\fastapi_postgres_project_with_gui\actions-runner\bin'
[2026-01-16 00:56:29Z INFO HostContext] Well known directory 'Root': 'D:\awsprojects\fastapi_postgres_project_with_gui\actions-runner'
[2026-01-16 00:56:29Z INFO HostContext] Well known config file 'Credentials': 'D:\awsprojects\fastapi_postgres_project_with_gui\actions-runner\.credentials'
[2026-01-16 00:56:29Z INFO ConfigurationStore] CredFilePath: D:\awsprojects\fastapi_postgres_project_with_gui\actions-runner\.credentials
[2026-01-16 00:56:29Z INFO HostContext] Well known directory 'Bin': 'D:\awsprojects\fastapi_postgres_project_with_gui\actions-runner\bin'
[2026-01-16 00:56:29Z INFO HostContext] Well known directory 'Root': 'D:\awsprojects\fastapi_postgres_project_with_gui\actions-runner'
[2026-01-16 00:56:29Z INFO HostContext] Well known config file 'MigratedCredentials': 'D:\awsprojects\fastapi_postgres_project_with_gui\actions-runner\.credentials_migrated'
[2026-01-16 00:56:29Z INFO ConfigurationStore] MigratedCredFilePath: D:\awsprojects\fastapi_postgres_project_with_gui\actions-runner\.credentials_migrated
[2026-01-16 00:56:29Z INFO HostContext] Well known directory 'Bin': 'D:\awsprojects\fastapi_postgres_project_with_gui\actions-runner\bin'
[2026-01-16 00:56:29Z INFO HostContext] Well known directory 'Root': 'D:\awsprojects\fastapi_postgres_project_with_gui\actions-runner'
[2026-01-16 00:56:29Z INFO HostContext] Well known config file 'Service': 'D:\awsprojects\fastapi_postgres_project_with_gui\actions-runner\.service'
[2026-01-16 00:56:29Z INFO ConfigurationStore] ServiceConfigFilePath: D:\awsprojects\fastapi_postgres_project_with_gui\actions-runner\.service
[2026-01-16 00:56:29Z INFO CommandSettings] Flag 'help': 'False'
[2026-01-16 00:56:29Z INFO CommandSettings] Flag 'version': 'False'
[2026-01-16 00:56:29Z INFO CommandSettings] Flag 'commit': 'False'
[2026-01-16 00:56:29Z INFO CommandSettings] Flag 'check': 'False'
[2026-01-16 00:56:29Z INFO CommandSettings] Command 'configure': 'True'
[2026-01-16 00:56:29Z INFO Terminal] WRITE LINE: 
[2026-01-16 00:56:29Z INFO Terminal] WRITE LINE: --------------------------------------------------------------------------------
[2026-01-16 00:56:29Z INFO Terminal] WRITE LINE: |        ____ _ _   _   _       _          _        _   _                      |
[2026-01-16 00:56:29Z INFO Terminal] WRITE LINE: |       / ___(_) |_| | | |_   _| |__      / \   ___| |_(_) ___  _ __  ___      |
[2026-01-16 00:56:29Z INFO Terminal] WRITE LINE: |      | |  _| | __| |_| | | | | '_ \    / _ \ / __| __| |/ _ \| '_ \/ __|     |
[2026-01-16 00:56:29Z INFO Terminal] WRITE LINE: |      | |_| | | |_|  _  | |_| | |_) |  / ___ \ (__| |_| | (_) | | | \__ \     |
[2026-01-16 00:56:29Z INFO Terminal] WRITE LINE: |       \____|_|\__|_| |_|\__,_|_.__/  /_/   \_\___|\__|_|\___/|_| |_|___/     |
[2026-01-16 00:56:29Z INFO Terminal] WRITE LINE: |                                                                              |
[2026-01-16 00:56:29Z INFO Terminal] WRITE: |                       
[2026-01-16 00:56:29Z INFO Terminal] WRITE: Self-hosted runner registration
[2026-01-16 00:56:29Z INFO Terminal] WRITE LINE:                         |
[2026-01-16 00:56:29Z INFO Terminal] WRITE LINE: |                                                                              |
[2026-01-16 00:56:29Z INFO Terminal] WRITE LINE: --------------------------------------------------------------------------------
[2026-01-16 00:56:29Z INFO ConfigurationManager] ConfigureAsync
[2026-01-16 00:56:29Z INFO CommandSettings] Flag 'generateServiceConfig': 'False'
[2026-01-16 00:56:29Z INFO ConfigurationStore] IsConfigured()
[2026-01-16 00:56:29Z INFO ConfigurationStore] IsConfigured: False
[2026-01-16 00:56:29Z INFO ConfigurationManager] Is configured: False
[2026-01-16 00:56:29Z INFO CommandSettings] Arg 'url': 'https://github.com/harris-co-sudo/fastapi_postgres_project_with_gui'
[2026-01-16 00:56:29Z INFO CommandSettings] Remove url from Arg dictionary.
[2026-01-16 00:56:29Z INFO CommandSettings] Arg 'token': '***'
[2026-01-16 00:56:29Z INFO CommandSettings] Remove token from Arg dictionary.
[2026-01-16 00:56:30Z INFO ConfigurationManager] Http response code: OK from 'POST https://api.github.com/actions/runner-registration' (D542:30260F:1011DA:141CE8:69698CBF)
[2026-01-16 00:56:31Z INFO ConfigurationManager] Using runner-admin flow: False
[2026-01-16 00:56:31Z INFO ConfigurationManager] cred retrieved via GitHub auth
[2026-01-16 00:56:31Z INFO RunnerServer] EstablishVssConnection
[2026-01-16 00:56:31Z INFO RunnerServer] Establish connection with 100 seconds timeout.
[2026-01-16 00:56:31Z INFO GitHubActionsService] Starting operation Location.GetConnectionData
[2026-01-16 00:56:31Z INFO RunnerServer] EstablishVssConnection
[2026-01-16 00:56:31Z INFO RunnerServer] Establish connection with 60 seconds timeout.
[2026-01-16 00:56:31Z INFO GitHubActionsService] Starting operation Location.GetConnectionData
[2026-01-16 00:56:31Z INFO RunnerServer] EstablishVssConnection
[2026-01-16 00:56:31Z INFO RunnerServer] Establish connection with 60 seconds timeout.
[2026-01-16 00:56:31Z INFO GitHubActionsService] Starting operation Location.GetConnectionData
[2026-01-16 00:56:32Z INFO GitHubActionsService] Finished operation Location.GetConnectionData
[2026-01-16 00:56:32Z INFO GitHubActionsService] Finished operation Location.GetConnectionData
[2026-01-16 00:56:32Z INFO GitHubActionsService] Finished operation Location.GetConnectionData
[2026-01-16 00:56:32Z INFO Terminal] WRITE LINE: 
[2026-01-16 00:56:32Z INFO ConfigurationManager] Test Connection complete.
[2026-01-16 00:56:32Z INFO HostContext] Well known directory 'Bin': 'D:\awsprojects\fastapi_postgres_project_with_gui\actions-runner\bin'
[2026-01-16 00:56:32Z INFO HostContext] Well known directory 'Root': 'D:\awsprojects\fastapi_postgres_project_with_gui\actions-runner'
[2026-01-16 00:56:32Z INFO HostContext] Well known config file 'RSACredentials': 'D:\awsprojects\fastapi_postgres_project_with_gui\actions-runner\.credentials_rsaparams'
[2026-01-16 00:56:32Z INFO RSAEncryptedFileKeyManager] Creating new RSA key using 2048-bit key length
[2026-01-16 00:56:32Z INFO RSAEncryptedFileKeyManager] Successfully saved RSA key parameters to file D:\awsprojects\fastapi_postgres_project_with_gui\actions-runner\.credentials_rsaparams
[2026-01-16 00:56:32Z INFO CommandSettings] Arg 'runnergroup': ''
[2026-01-16 00:56:32Z INFO CommandSettings] Flag 'unattended': 'False'
[2026-01-16 00:56:32Z INFO PromptManager] ReadValue
[2026-01-16 00:56:32Z INFO Terminal] WRITE: Enter the name of the runner group to add this runner to: 
[2026-01-16 00:56:32Z INFO Terminal] WRITE: [press Enter for Default] 
[2026-01-16 00:56:32Z INFO Terminal] READ LINE
[2026-01-16 00:56:35Z INFO Terminal] Read value: ''
[2026-01-16 00:56:35Z INFO PromptManager] Falling back to the default: 'Default'
[2026-01-16 00:56:35Z INFO Terminal] WRITE LINE: 
[2026-01-16 00:56:35Z INFO ConfigurationManager] Found a self-hosted runner group with id 1 and name Default
[2026-01-16 00:56:35Z INFO CommandSettings] Flag 'disableupdate': 'False'
[2026-01-16 00:56:35Z INFO CommandSettings] Flag 'ephemeral': 'False'
[2026-01-16 00:56:35Z INFO CommandSettings] Arg 'name': ''
[2026-01-16 00:56:35Z INFO CommandSettings] Flag 'unattended': 'False'
[2026-01-16 00:56:35Z INFO PromptManager] ReadValue
[2026-01-16 00:56:35Z INFO Terminal] WRITE: Enter the name of runner: 
[2026-01-16 00:56:35Z INFO Terminal] WRITE: [press Enter for DESKTOP-QJUQ0UV] 
[2026-01-16 00:56:35Z INFO Terminal] READ LINE
[2026-01-16 00:56:39Z INFO Terminal] Read value: ''
[2026-01-16 00:56:39Z INFO PromptManager] Falling back to the default: 'DESKTOP-QJUQ0UV'
[2026-01-16 00:56:39Z INFO Terminal] WRITE LINE: 
[2026-01-16 00:56:39Z INFO CommandSettings] Arg 'labels': ''
[2026-01-16 00:56:39Z INFO CommandSettings] Flag 'unattended': 'False'
[2026-01-16 00:56:39Z INFO PromptManager] ReadValue
[2026-01-16 00:56:39Z INFO Terminal] WRITE: This runner will have the following labels: 'self-hosted', 'Windows', 'X64' 
Enter any additional labels (ex. label-1,label-2): 
[2026-01-16 00:56:39Z INFO Terminal] WRITE: [press Enter to skip] 
[2026-01-16 00:56:39Z INFO Terminal] READ LINE
[2026-01-16 00:56:49Z INFO Terminal] Read value: ''
[2026-01-16 00:56:49Z INFO Terminal] WRITE LINE: 
[2026-01-16 00:56:49Z INFO CommandSettings] Flag 'disableupdate': 'False'
[2026-01-16 00:56:49Z INFO CommandSettings] Flag 'no-default-labels': 'False'
[2026-01-16 00:56:50Z INFO CommandSettings] Flag 'disableupdate': 'False'
[2026-01-16 00:56:50Z INFO CommandSettings] Flag 'ephemeral': 'False'
[2026-01-16 00:56:50Z INFO ConfigurationStore] Saving OAuth credential @ D:\awsprojects\fastapi_postgres_project_with_gui\actions-runner\.credentials
[2026-01-16 00:56:50Z INFO ConfigurationStore] Credentials Saved.
[2026-01-16 00:56:50Z INFO ConfigurationManager] Service enforced serverUrlV2: https://broker.actions.githubusercontent.com/
[2026-01-16 00:56:50Z INFO ConfigurationManager] Service enforced useV2Flow: True
[2026-01-16 00:56:50Z INFO CommandSettings] Arg 'work': ''
[2026-01-16 00:56:50Z INFO CommandSettings] Flag 'unattended': 'False'
[2026-01-16 00:56:50Z INFO PromptManager] ReadValue
[2026-01-16 00:56:50Z INFO Terminal] WRITE: Enter name of work folder: 
[2026-01-16 00:56:50Z INFO Terminal] WRITE: [press Enter for _work] 
[2026-01-16 00:56:50Z INFO Terminal] READ LINE
[2026-01-16 00:56:59Z INFO Terminal] Read value: ''
[2026-01-16 00:56:59Z INFO PromptManager] Falling back to the default: '_work'
[2026-01-16 00:56:59Z INFO ConfigurationStore] Saving runner settings.
[2026-01-16 00:56:59Z INFO ConfigurationStore] Settings Saved.
[2026-01-16 00:56:59Z INFO Terminal] WRITE LINE: 
[2026-01-16 00:56:59Z INFO Terminal] WRITE LINE: 
[2026-01-16 00:56:59Z INFO CommandSettings] Flag 'runasservice': 'False'
[2026-01-16 00:56:59Z INFO CommandSettings] Flag 'unattended': 'False'
[2026-01-16 00:56:59Z INFO PromptManager] ReadValue
[2026-01-16 00:56:59Z INFO Terminal] WRITE: Would you like to run the runner as service? (Y/N) 
[2026-01-16 00:56:59Z INFO Terminal] WRITE: [press Enter for N] 
[2026-01-16 00:56:59Z INFO Terminal] READ LINE
[2026-01-16 00:57:03Z INFO Terminal] Read value: ''
[2026-01-16 00:57:03Z INFO PromptManager] Falling back to the default: 'N'
[2026-01-16 00:57:03Z INFO Listener] Runner execution has finished with return code 0
